<?xml version="1.0" encoding="UTF-8"?>
<testng-results ignored="0" total="3" passed="3" failed="0" skipped="0">
  <reporter-output>
  </reporter-output>
  <suite started-at="2021-10-27T22:32:42 IST" name="Suite" finished-at="2021-10-27T22:33:27 IST" duration-ms="45426">
    <groups>
    </groups>
    <test started-at="2021-10-27T22:32:42 IST" name="base" finished-at="2021-10-27T22:32:42 IST" duration-ms="26">
    </test> <!-- base -->
    <test started-at="2021-10-27T22:32:42 IST" name="login" finished-at="2021-10-27T22:33:17 IST" duration-ms="34816">
      <class name="testcases.LoginPage">
        <test-method is-config="true" signature="setup()[pri:0, instance:testcases.LoginPage@235ecd9f]" started-at="2021-10-27T22:32:42 IST" name="setup" finished-at="2021-10-27T22:33:05 IST" duration-ms="23470" status="PASS">
          <reporter-output>
          </reporter-output>
        </test-method> <!-- setup -->
        <test-method signature="Login()[pri:1, instance:testcases.LoginPage@235ecd9f]" started-at="2021-10-27T22:33:05 IST" name="Login" finished-at="2021-10-27T22:33:10 IST" duration-ms="4687" status="PASS">
          <reporter-output>
          </reporter-output>
        </test-method> <!-- Login -->
        <test-method is-config="true" signature="setup()[pri:0, instance:testcases.LoginPage@235ecd9f]" started-at="2021-10-27T22:33:10 IST" name="setup" finished-at="2021-10-27T22:33:10 IST" duration-ms="0" status="PASS">
          <reporter-output>
          </reporter-output>
        </test-method> <!-- setup -->
        <test-method signature="EnterValidCredentials()[pri:2, instance:testcases.LoginPage@235ecd9f]" started-at="2021-10-27T22:33:10 IST" name="EnterValidCredentials" finished-at="2021-10-27T22:33:17 IST" duration-ms="6545" status="PASS">
          <reporter-output>
          </reporter-output>
        </test-method> <!-- EnterValidCredentials -->
      </class> <!-- testcases.LoginPage -->
    </test> <!-- login -->
    <test started-at="2021-10-27T22:33:17 IST" name="logout" finished-at="2021-10-27T22:33:27 IST" duration-ms="10432">
      <class name="testcases.Logout">
        <test-method is-config="true" signature="BeforeSuite()[pri:0, instance:testcases.Logout@663c9e7a]" started-at="2021-10-27T22:32:42 IST" name="BeforeSuite" finished-at="2021-10-27T22:32:42 IST" duration-ms="260" status="PASS">
          <reporter-output>
          </reporter-output>
        </test-method> <!-- BeforeSuite -->
        <test-method is-config="true" signature="setup()[pri:0, instance:testcases.Logout@663c9e7a]" started-at="2021-10-27T22:33:17 IST" name="setup" finished-at="2021-10-27T22:33:17 IST" duration-ms="1" status="PASS">
          <reporter-output>
          </reporter-output>
        </test-method> <!-- setup -->
        <test-method signature="logout()[pri:0, instance:testcases.Logout@663c9e7a]" started-at="2021-10-27T22:33:17 IST" name="logout" finished-at="2021-10-27T22:33:27 IST" duration-ms="10427" status="PASS">
          <reporter-output>
          </reporter-output>
        </test-method> <!-- logout -->
        <test-method is-config="true" signature="AfterSuite()[pri:0, instance:testcases.Logout@663c9e7a]" started-at="2021-10-27T22:33:27 IST" name="AfterSuite" finished-at="2021-10-27T22:33:29 IST" duration-ms="1828" status="PASS">
          <reporter-output>
          </reporter-output>
        </test-method> <!-- AfterSuite -->
        <test-method is-config="true" signature="tearDown()[pri:0, instance:testcases.Logout@663c9e7a]" started-at="2021-10-27T22:33:29 IST" name="tearDown" finished-at="2021-10-27T22:33:30 IST" duration-ms="656" status="FAIL">
          <exception class="org.openqa.selenium.NoSuchSessionException">
            <message>
              <![CDATA[Session ID is null. Using WebDriver after calling quit()?
Build info: version: '3.141.59', revision: 'e82be7d358', time: '2018-11-14T08:17:03'
System info: host: 'DESKTOP-90H07MS', ip: '192.168.55.103', os.name: 'Windows 10', os.arch: 'amd64', os.version: '10.0', java.version: '16.0.2'
Driver info: driver.version: RemoteWebDriver]]>
            </message>
            <full-stacktrace>
              <![CDATA[org.openqa.selenium.NoSuchSessionException: Session ID is null. Using WebDriver after calling quit()?
Build info: version: '3.141.59', revision: 'e82be7d358', time: '2018-11-14T08:17:03'
System info: host: 'DESKTOP-90H07MS', ip: '192.168.55.103', os.name: 'Windows 10', os.arch: 'amd64', os.version: '10.0', java.version: '16.0.2'
Driver info: driver.version: RemoteWebDriver
at org.openqa.selenium.remote.HttpCommandExecutor.execute(HttpCommandExecutor.java:125)
at org.openqa.selenium.remote.service.DriverCommandExecutor.execute(DriverCommandExecutor.java:83)
at org.openqa.selenium.remote.RemoteWebDriver.execute(RemoteWebDriver.java:552)
at org.openqa.selenium.remote.RemoteWebDriver.execute(RemoteWebDriver.java:609)
at org.openqa.selenium.remote.RemoteWebDriver.close(RemoteWebDriver.java:442)
at baseclass.baseclass.tearDown(baseclass.java:144)
at java.base/jdk.internal.reflect.NativeMethodAccessorImpl.invoke0(Native Method)
at java.base/jdk.internal.reflect.NativeMethodAccessorImpl.invoke(NativeMethodAccessorImpl.java:78)
at java.base/jdk.internal.reflect.DelegatingMethodAccessorImpl.invoke(DelegatingMethodAccessorImpl.java:43)
at java.base/java.lang.reflect.Method.invoke(Method.java:567)
at org.testng.internal.MethodInvocationHelper.invokeMethod(MethodInvocationHelper.java:134)
at org.testng.internal.MethodInvocationHelper.invokeMethodConsideringTimeout(MethodInvocationHelper.java:63)
at org.testng.internal.ConfigInvoker.invokeConfigurationMethod(ConfigInvoker.java:348)
at org.testng.internal.ConfigInvoker.invokeConfigurations(ConfigInvoker.java:302)
at org.testng.SuiteRunner.privateRun(SuiteRunner.java:351)
at org.testng.SuiteRunner.run(SuiteRunner.java:286)
at org.testng.SuiteRunnerWorker.runSuite(SuiteRunnerWorker.java:53)
at org.testng.SuiteRunnerWorker.run(SuiteRunnerWorker.java:96)
at org.testng.TestNG.runSuitesSequentially(TestNG.java:1187)
at org.testng.TestNG.runSuitesLocally(TestNG.java:1109)
at org.testng.TestNG.runSuites(TestNG.java:1039)
at org.testng.TestNG.run(TestNG.java:1007)
at org.testng.remote.AbstractRemoteTestNG.run(AbstractRemoteTestNG.java:115)
at org.testng.remote.RemoteTestNG.initAndRun(RemoteTestNG.java:251)
at org.testng.remote.RemoteTestNG.main(RemoteTestNG.java:77)
]]>
            </full-stacktrace>
          </exception> <!-- org.openqa.selenium.NoSuchSessionException -->
          <reporter-output>
          </reporter-output>
        </test-method> <!-- tearDown -->
      </class> <!-- testcases.Logout -->
    </test> <!-- logout -->
  </suite> <!-- Suite -->
</testng-results>
